<?xml version="1.0" encoding="UTF-8"?>
<testng-results skipped="0" failed="0" ignored="0" total="5" passed="5">
  <reporter-output>
  </reporter-output>
  <suite name="Default suite" duration-ms="55427" started-at="2020-06-06T18:25:05 IST" finished-at="2020-06-06T18:26:00 IST">
    <groups>
    </groups>
    <test name="Default test" duration-ms="55427" started-at="2020-06-06T18:25:05 IST" finished-at="2020-06-06T18:26:00 IST">
      <class name="com.OrangeHRMAssignment.Test.OrangeLoginTest">
        <test-method status="PASS" signature="start()[pri:0, instance:com.OrangeHRMAssignment.Test.OrangeLoginTest@3632be31]" name="start" is-config="true" duration-ms="16111" started-at="2020-06-06T18:25:05 IST" finished-at="2020-06-06T18:25:21 IST">
          <reporter-output>
          </reporter-output>
        </test-method> <!-- start -->
        <test-method status="PASS" signature="login_page()[pri:1, instance:com.OrangeHRMAssignment.Test.OrangeLoginTest@3632be31]" name="login_page" duration-ms="6947" started-at="2020-06-06T18:25:21 IST" finished-at="2020-06-06T18:25:28 IST">
          <reporter-output>
          </reporter-output>
        </test-method> <!-- login_page -->
        <test-method status="PASS" signature="Homepage_generalinformation()[pri:2, instance:com.OrangeHRMAssignment.Test.OrangeLoginTest@3632be31]" name="Homepage_generalinformation" duration-ms="4804" started-at="2020-06-06T18:25:28 IST" finished-at="2020-06-06T18:25:33 IST">
          <reporter-output>
          </reporter-output>
        </test-method> <!-- Homepage_generalinformation -->
        <test-method status="PASS" signature="GeneralInformation()[pri:3, instance:com.OrangeHRMAssignment.Test.OrangeLoginTest@3632be31]" name="GeneralInformation" duration-ms="12319" started-at="2020-06-06T18:25:33 IST" finished-at="2020-06-06T18:25:45 IST">
          <reporter-output>
          </reporter-output>
        </test-method> <!-- GeneralInformation -->
        <test-method status="PASS" signature="Homepage_location()[pri:4, instance:com.OrangeHRMAssignment.Test.OrangeLoginTest@3632be31]" name="Homepage_location" duration-ms="2710" started-at="2020-06-06T18:25:45 IST" finished-at="2020-06-06T18:25:48 IST">
          <reporter-output>
          </reporter-output>
        </test-method> <!-- Homepage_location -->
        <test-method status="PASS" signature="Location()[pri:5, instance:com.OrangeHRMAssignment.Test.OrangeLoginTest@3632be31]" name="Location" duration-ms="12251" started-at="2020-06-06T18:25:48 IST" finished-at="2020-06-06T18:26:00 IST">
          <reporter-output>
          </reporter-output>
        </test-method> <!-- Location -->
      </class> <!-- com.OrangeHRMAssignment.Test.OrangeLoginTest -->
    </test> <!-- Default test -->
  </suite> <!-- Default suite -->
</testng-results>
