<?xml version="1.0" encoding="UTF-8"?>
<!-- Generated by org.testng.reporters.JUnitXMLReporter -->
<testsuite hostname="DESKTOP-FAJDTI3" ignored="0" name="Default test" tests="5" failures="0" timestamp="2020-06-06T18:26:01 IST" time="55.427" errors="0">
  <testcase name="login_page" time="6.947" classname="com.OrangeHRMAssignment.Test.OrangeLoginTest"/>
  <testcase name="Homepage_generalinformation" time="4.804" classname="com.OrangeHRMAssignment.Test.OrangeLoginTest"/>
  <testcase name="GeneralInformation" time="12.319" classname="com.OrangeHRMAssignment.Test.OrangeLoginTest"/>
  <testcase name="Homepage_location" time="2.71" classname="com.OrangeHRMAssignment.Test.OrangeLoginTest"/>
  <testcase name="Location" time="12.251" classname="com.OrangeHRMAssignment.Test.OrangeLoginTest"/>
</testsuite> <!-- Default test -->
